--------------------------------------------------------------------------------
Release 14.7 Trace  (nt64)
Copyright (c) 1995-2013 Xilinx, Inc.  All rights reserved.

D:\ISE14.7\14.7\ISE_DS\ISE\bin\nt64\unwrapped\trce.exe -intstyle ise -v 3 -s 3
-n 3 -fastpaths -xml decoder.twx decoder.ncd -o decoder.twr decoder.pcf

Design file:              decoder.ncd
Physical constraint file: decoder.pcf
Device,package,speed:     xc7a100t,csg324,C,-3 (PRODUCTION 1.10 2013-10-13)
Report level:             verbose report

Environment Variable      Effect 
--------------------      ------ 
NONE                      No environment variables were set
--------------------------------------------------------------------------------

INFO:Timing:2698 - No timing constraints found, doing default enumeration.
INFO:Timing:3412 - To improve timing, see the Timing Closure User Guide (UG612).
INFO:Timing:2752 - To get complete path coverage, use the unconstrained paths 
   option. All paths that are not constrained will be reported in the 
   unconstrained paths section(s) of the report.
INFO:Timing:3339 - The clock-to-out numbers in this timing report are based on 
   a 50 Ohm transmission line loading model.  For the details of this model, 
   and for more information on accounting for different loading conditions, 
   please see the device datasheet.



Data Sheet report:
-----------------
All values displayed in nanoseconds (ns)

Pad to Pad
---------------+---------------+---------+
Source Pad     |Destination Pad|  Delay  |
---------------+---------------+---------+
GrayNum<0>     |BinaryNum<0>   |    5.519|
GrayNum<1>     |BinaryNum<0>   |    5.393|
GrayNum<1>     |BinaryNum<1>   |    5.297|
GrayNum<2>     |BinaryNum<0>   |    5.291|
GrayNum<2>     |BinaryNum<1>   |    5.202|
GrayNum<2>     |BinaryNum<2>   |    5.234|
GrayNum<3>     |BinaryNum<0>   |    5.719|
GrayNum<3>     |BinaryNum<1>   |    5.632|
GrayNum<3>     |BinaryNum<2>   |    5.449|
GrayNum<3>     |BinaryNum<3>   |    4.498|
---------------+---------------+---------+


Analysis completed Wed Oct 07 01:59:00 2020 
--------------------------------------------------------------------------------

Trace Settings:
-------------------------
Trace Settings 

Peak Memory Usage: 5004 MB



