ISim log file
Running: C:\Users\49292\Desktop\Computer Hardware Experiments\experiment\GaryCodes\encoder_isim_beh.exe -intstyle ise -gui -tclbatch isim.cmd -wdb C:/Users/49292/Desktop/Computer Hardware Experiments/experiment/GaryCodes/encoder_isim_beh.wdb 
ISim P.20131013 (signature 0x7708f090)
This is a Full version of ISim.
Time resolution is 1 ps
# onerror resume
# wave add /
# run 1000 ns
Simulator is doing circuit initialization process.
Finished circuit initialization process.
# restart
# put D 0 -radix dec
D: No such HDL object
# put B 0 -radix dec
# put B 0 -radix dec
# cls
# restart
# put B 0 -radix dec
# put B 1 -radix dec
# put B 2 -radix dec
# put B 3 -radix dec
# put B 4 -radix dec
# put B 5 -radix dec
# put B 6 -radix dec
# put B 7 -radix dec
# put B 8 -radix dec
# put B 9 -radix dec
# run 10ns
Simulator is doing circuit initialization process.
Finished circuit initialization process.
# cls
# restart
# put B 0 -radix dec
# run 10ns
Simulator is doing circuit initialization process.
Finished circuit initialization process.
# put B 1 -radix dec
# run 10ns
# put B 2 -radix dec
# run 10ns
# put B 3 -radix dec
# run 10ns
# put B 4 -radix dec
# run 10ns
# put B 5 -radix dec
# run 10ns
# put B 6 -radix dec
# run 10ns
# put B 7 -radix dec
# run 10ns
# put B 8 -radix dec
# run 10ns
# put B 9 -radix dec
# run 10ns
